<?xml version="1.0" encoding="UTF-8"?>
<testsuite name="Cucumber" time="22.505" tests="4" skipped="0" failures="3" errors="0">
<testcase classname="feature to Test the GermanyIsCalling website" name="Test Loginpage Funtionality of Website - Example #1.1" time="5.73">
<system-out><![CDATA[
Given User is on Loginpage of Website.......................................passed
When User Enter "gaikwadsachin.989@gmail.com" and "Sachin@1234".............passed
And User Click on Login button..............................................passed
Then User is naviagated to the HomePage.....................................passed
]]></system-out>
</testcase>
<testcase classname="feature to Test the GermanyIsCalling website" name="Test Loginpage Funtionality of Website - Example #1.2" time="3.729">
<failure type="org.opentest4j.AssertionFailedError" message="expected: &lt;Login | Germany Is Calling&gt; but was: &lt;Upload your CV | Germany Is Calling&gt;">
<![CDATA[org.opentest4j.AssertionFailedError: expected: <Login | Germany Is Calling> but was: <Upload your CV | Germany Is Calling>
	at org.junit.jupiter.api.AssertionFailureBuilder.build(AssertionFailureBuilder.java:151)
	at org.junit.jupiter.api.AssertionFailureBuilder.buildAndThrow(AssertionFailureBuilder.java:132)
	at org.junit.jupiter.api.AssertEquals.failNotEqual(AssertEquals.java:197)
	at org.junit.jupiter.api.AssertEquals.assertEquals(AssertEquals.java:182)
	at org.junit.jupiter.api.AssertEquals.assertEquals(AssertEquals.java:177)
	at org.junit.jupiter.api.Assertions.assertEquals(Assertions.java:1145)
	at StepDefination.GICLoginPageTest.user_is_naviagated_to_the_home_page(GICLoginPageTest.java:39)
	at ✽.User is naviagated to the HomePage(file:///D:/WorkSpace/GICTests.zip_expanded/BBD_Framework_GermanyIsCalling/src/test/java/Feature/GermanyIsCalling.feature:7)
]]>
</failure>
<system-out><![CDATA[
Given User is on Loginpage of Website.......................................passed
When User Enter "" and ""...................................................passed
And User Click on Login button..............................................passed
Then User is naviagated to the HomePage.....................................failed
]]></system-out>
</testcase>
<testcase classname="feature to Test the GermanyIsCalling website" name="Test Loginpage Funtionality of Website - Example #1.3" time="4.157">
<failure type="org.opentest4j.AssertionFailedError" message="expected: &lt;Login | Germany Is Calling&gt; but was: &lt;Upload your CV | Germany Is Calling&gt;">
<![CDATA[org.opentest4j.AssertionFailedError: expected: <Login | Germany Is Calling> but was: <Upload your CV | Germany Is Calling>
	at org.junit.jupiter.api.AssertionFailureBuilder.build(AssertionFailureBuilder.java:151)
	at org.junit.jupiter.api.AssertionFailureBuilder.buildAndThrow(AssertionFailureBuilder.java:132)
	at org.junit.jupiter.api.AssertEquals.failNotEqual(AssertEquals.java:197)
	at org.junit.jupiter.api.AssertEquals.assertEquals(AssertEquals.java:182)
	at org.junit.jupiter.api.AssertEquals.assertEquals(AssertEquals.java:177)
	at org.junit.jupiter.api.Assertions.assertEquals(Assertions.java:1145)
	at StepDefination.GICLoginPageTest.user_is_naviagated_to_the_home_page(GICLoginPageTest.java:39)
	at ✽.User is naviagated to the HomePage(file:///D:/WorkSpace/GICTests.zip_expanded/BBD_Framework_GermanyIsCalling/src/test/java/Feature/GermanyIsCalling.feature:7)
]]>
</failure>
<system-out><![CDATA[
Given User is on Loginpage of Website.......................................passed
When User Enter "sachingaikwad@gmail.com" and "sg@1234".....................passed
And User Click on Login button..............................................passed
Then User is naviagated to the HomePage.....................................failed
]]></system-out>
</testcase>
<testcase classname="feature to Test the GermanyIsCalling website" name="Test Loginpage Funtionality of Website - Example #1.4" time="8.694">
<failure type="org.opentest4j.AssertionFailedError" message="expected: &lt;Login | Germany Is Calling&gt; but was: &lt;Upload your CV | Germany Is Calling&gt;">
<![CDATA[org.opentest4j.AssertionFailedError: expected: <Login | Germany Is Calling> but was: <Upload your CV | Germany Is Calling>
	at org.junit.jupiter.api.AssertionFailureBuilder.build(AssertionFailureBuilder.java:151)
	at org.junit.jupiter.api.AssertionFailureBuilder.buildAndThrow(AssertionFailureBuilder.java:132)
	at org.junit.jupiter.api.AssertEquals.failNotEqual(AssertEquals.java:197)
	at org.junit.jupiter.api.AssertEquals.assertEquals(AssertEquals.java:182)
	at org.junit.jupiter.api.AssertEquals.assertEquals(AssertEquals.java:177)
	at org.junit.jupiter.api.Assertions.assertEquals(Assertions.java:1145)
	at StepDefination.GICLoginPageTest.user_is_naviagated_to_the_home_page(GICLoginPageTest.java:39)
	at ✽.User is naviagated to the HomePage(file:///D:/WorkSpace/GICTests.zip_expanded/BBD_Framework_GermanyIsCalling/src/test/java/Feature/GermanyIsCalling.feature:7)
]]>
</failure>
<system-out><![CDATA[
Given User is on Loginpage of Website.......................................passed
When User Enter "%^-" and "_^%".............................................passed
And User Click on Login button..............................................passed
Then User is naviagated to the HomePage.....................................failed
]]></system-out>
</testcase>
</testsuite>
